<?xml version="1.0" encoding="UTF-8"?>
<!-- Generated by org.testng.reporters.JUnitReportReporter -->
<testsuite hostname="DESKTOP-AONVHJR" failures="0" tests="1" name="test_class.Get_tc1" time="5.062" errors="0" timestamp="2023-04-04T23:34:59 IST" skipped="0">
  <testcase classname="test_class.Get_tc1" name="orchestrator" time="5.062"/>
  <system-out/>
</testsuite> <!-- test_class.Get_tc1 -->
